Start testing: Sep 22 02:25 CEST
----------------------------------------------------------
1/11 Testing: CreativeCoreUnitTests
1/11 Test: CreativeCoreUnitTests
Command: "/home/deanos/Documents/CreativeSysteme v1.0/build_cpp_native/CreativeCoreUnitTests"
Directory: /home/deanos/Documents/CreativeSysteme v1.0/build_cpp_native
"CreativeCoreUnitTests" start time: Sep 22 02:25 CEST
Output:
----------------------------------------------------------
<end of output>
Test time =   0.02 sec
----------------------------------------------------------
Test Passed.
"CreativeCoreUnitTests" end time: Sep 22 02:25 CEST
"CreativeCoreUnitTests" time elapsed: 00:00:00
----------------------------------------------------------

2/11 Testing: CreativeCoreProjectionTests
2/11 Test: CreativeCoreProjectionTests
Command: "/home/deanos/Documents/CreativeSysteme v1.0/build_cpp_native/CreativeCoreProjectionTests"
Directory: /home/deanos/Documents/CreativeSysteme v1.0/build_cpp_native
"CreativeCoreProjectionTests" start time: Sep 22 02:25 CEST
Output:
----------------------------------------------------------
<end of output>
Test time =   0.01 sec
----------------------------------------------------------
Test Passed.
"CreativeCoreProjectionTests" end time: Sep 22 02:25 CEST
"CreativeCoreProjectionTests" time elapsed: 00:00:00
----------------------------------------------------------

3/11 Testing: CreativeCoreSimdTests
3/11 Test: CreativeCoreSimdTests
Command: "/home/deanos/Documents/CreativeSysteme v1.0/build_cpp_native/CreativeCoreSimdTests"
Directory: /home/deanos/Documents/CreativeSysteme v1.0/build_cpp_native
"CreativeCoreSimdTests" start time: Sep 22 02:25 CEST
Output:
----------------------------------------------------------
SIMD backend: AVX2
<end of output>
Test time =   0.01 sec
----------------------------------------------------------
Test Passed.
"CreativeCoreSimdTests" end time: Sep 22 02:25 CEST
"CreativeCoreSimdTests" time elapsed: 00:00:00
----------------------------------------------------------

4/11 Testing: CreativeCoreTileCacheTests
4/11 Test: CreativeCoreTileCacheTests
Command: "/home/deanos/Documents/CreativeSysteme v1.0/build_cpp_native/CreativeCoreTileCacheTests"
Directory: /home/deanos/Documents/CreativeSysteme v1.0/build_cpp_native
"CreativeCoreTileCacheTests" start time: Sep 22 02:25 CEST
Output:
----------------------------------------------------------
<end of output>
Test time =   0.01 sec
----------------------------------------------------------
Test Passed.
"CreativeCoreTileCacheTests" end time: Sep 22 02:25 CEST
"CreativeCoreTileCacheTests" time elapsed: 00:00:00
----------------------------------------------------------

5/11 Testing: CreativeCoreTileStoreTests
5/11 Test: CreativeCoreTileStoreTests
Command: "/home/deanos/Documents/CreativeSysteme v1.0/build_cpp_native/CreativeCoreTileStoreTests"
Directory: /home/deanos/Documents/CreativeSysteme v1.0/build_cpp_native
"CreativeCoreTileStoreTests" start time: Sep 22 02:25 CEST
Output:
----------------------------------------------------------
NativeTileStore sparse/write/materialize/dirty-rect/clone checks passed
<end of output>
Test time =   0.01 sec
----------------------------------------------------------
Test Passed.
"CreativeCoreTileStoreTests" end time: Sep 22 02:25 CEST
"CreativeCoreTileStoreTests" time elapsed: 00:00:00
----------------------------------------------------------

6/11 Testing: CreativeCoreLayerStackTests
6/11 Test: CreativeCoreLayerStackTests
Command: "/home/deanos/Documents/CreativeSysteme v1.0/build_cpp_native/CreativeCoreLayerStackTests"
Directory: /home/deanos/Documents/CreativeSysteme v1.0/build_cpp_native
"CreativeCoreLayerStackTests" start time: Sep 22 02:25 CEST
Output:
----------------------------------------------------------
<end of output>
Test time =   0.01 sec
----------------------------------------------------------
Test Passed.
"CreativeCoreLayerStackTests" end time: Sep 22 02:25 CEST
"CreativeCoreLayerStackTests" time elapsed: 00:00:00
----------------------------------------------------------

7/11 Testing: CreativeCoreHistoryCursorTests
7/11 Test: CreativeCoreHistoryCursorTests
Command: "/home/deanos/Documents/CreativeSysteme v1.0/build_cpp_native/CreativeCoreHistoryCursorTests"
Directory: /home/deanos/Documents/CreativeSysteme v1.0/build_cpp_native
"CreativeCoreHistoryCursorTests" start time: Sep 22 02:25 CEST
Output:
----------------------------------------------------------
History cursor and native tile payload checks passed
<end of output>
Test time =   0.01 sec
----------------------------------------------------------
Test Passed.
"CreativeCoreHistoryCursorTests" end time: Sep 22 02:25 CEST
"CreativeCoreHistoryCursorTests" time elapsed: 00:00:00
----------------------------------------------------------

8/11 Testing: CreativeCoreThreadPoolTests
8/11 Test: CreativeCoreThreadPoolTests
Command: "/home/deanos/Documents/CreativeSysteme v1.0/build_cpp_native/CreativeCoreThreadPoolTests"
Directory: /home/deanos/Documents/CreativeSysteme v1.0/build_cpp_native
"CreativeCoreThreadPoolTests" start time: Sep 22 02:25 CEST
Output:
----------------------------------------------------------
<end of output>
Test time =   0.01 sec
----------------------------------------------------------
Test Passed.
"CreativeCoreThreadPoolTests" end time: Sep 22 02:25 CEST
"CreativeCoreThreadPoolTests" time elapsed: 00:00:00
----------------------------------------------------------

9/11 Testing: CreativeCoreWetReferenceTests
9/11 Test: CreativeCoreWetReferenceTests
Command: "/home/deanos/Documents/CreativeSysteme v1.0/build_cpp_native/CreativeCoreWetReferenceTests"
Directory: /home/deanos/Documents/CreativeSysteme v1.0/build_cpp_native
"CreativeCoreWetReferenceTests" start time: Sep 22 02:25 CEST
Output:
----------------------------------------------------------
<end of output>
Test time =   0.01 sec
----------------------------------------------------------
Test Passed.
"CreativeCoreWetReferenceTests" end time: Sep 22 02:25 CEST
"CreativeCoreWetReferenceTests" time elapsed: 00:00:00
----------------------------------------------------------

10/11 Testing: CreativeCoreProjectionKernelDispatchTests
10/11 Test: CreativeCoreProjectionKernelDispatchTests
Command: "/home/deanos/Documents/CreativeSysteme v1.0/build_cpp_native/CreativeCoreProjectionKernelDispatchTests"
Directory: /home/deanos/Documents/CreativeSysteme v1.0/build_cpp_native
"CreativeCoreProjectionKernelDispatchTests" start time: Sep 22 02:25 CEST
Output:
----------------------------------------------------------
<end of output>
Test time =   0.01 sec
----------------------------------------------------------
Test Passed.
"CreativeCoreProjectionKernelDispatchTests" end time: Sep 22 02:25 CEST
"CreativeCoreProjectionKernelDispatchTests" time elapsed: 00:00:00
----------------------------------------------------------

11/11 Testing: CreativeCoreTextureAtlasTests
11/11 Test: CreativeCoreTextureAtlasTests
Command: "/home/deanos/Documents/CreativeSysteme v1.0/build_cpp_native/CreativeCoreTextureAtlasTests"
Directory: /home/deanos/Documents/CreativeSysteme v1.0/build_cpp_native
"CreativeCoreTextureAtlasTests" start time: Sep 22 02:25 CEST
Output:
----------------------------------------------------------
<end of output>
Test time =   0.01 sec
----------------------------------------------------------
Test Passed.
"CreativeCoreTextureAtlasTests" end time: Sep 22 02:25 CEST
"CreativeCoreTextureAtlasTests" time elapsed: 00:00:00
----------------------------------------------------------

End testing: Sep 22 02:25 CEST
