Start testing: Sep 22 02:14 CEST
----------------------------------------------------------
1/1 Testing: CreativeCoreUnitTests
1/1 Test: CreativeCoreUnitTests
Command: "/home/deanos/Documents/CreativeSystem v0.2/build_cpp/CreativeCoreUnitTests"
Directory: /home/deanos/Documents/CreativeSysteme v1.0/build_cpp
"CreativeCoreUnitTests" start time: Sep 22 02:14 CEST
Output:
----------------------------------------------------------
<end of output>
Test time =   0.06 sec
----------------------------------------------------------
Test Passed.
"CreativeCoreUnitTests" end time: Sep 22 02:14 CEST
"CreativeCoreUnitTests" time elapsed: 00:00:00
----------------------------------------------------------

End testing: Sep 22 02:14 CEST
