Start testing: Sep 15 19:26 CEST
----------------------------------------------------------
1/1 Testing: CreativeCoreUnitTests
1/1 Test: CreativeCoreUnitTests
Command: "/home/deanos/Documents/CreativeSystem v0.1/build_cpp/CreativeCoreUnitTests"
Directory: /home/deanos/Documents/CreativeSystem v0.1/build_cpp
"CreativeCoreUnitTests" start time: Sep 15 19:26 CEST
Output:
----------------------------------------------------------
<end of output>
Test time =   0.05 sec
----------------------------------------------------------
Test Passed.
"CreativeCoreUnitTests" end time: Sep 15 19:26 CEST
"CreativeCoreUnitTests" time elapsed: 00:00:00
----------------------------------------------------------

End testing: Sep 15 19:26 CEST
